[2019-12-08 15:33:54] local.ERROR: No application encryption key has been specified. {"exception":"[object] (RuntimeException(code: 0): No application encryption key has been specified. at /opt/lampp/htdocs/coballaravel/vendor/laravel/framework/src/Illuminate/Encryption/EncryptionServiceProvider.php:44)
[stacktrace]
#0 /opt/lampp/htdocs/coballaravel/vendor/laravel/framework/src/Illuminate/Support/helpers.php(422): Illuminate\\Encryption\\EncryptionServiceProvider->Illuminate\\Encryption\\{closure}('')
#1 /opt/lampp/htdocs/coballaravel/vendor/laravel/framework/src/Illuminate/Encryption/EncryptionServiceProvider.php(48): tap('', Object(Closure))
#2 /opt/lampp/htdocs/coballaravel/vendor/laravel/framework/src/Illuminate/Encryption/EncryptionServiceProvider.php(24): Illuminate\\Encryption\\EncryptionServiceProvider->key(Array)
#3 /opt/lampp/htdocs/coballaravel/vendor/laravel/framework/src/Illuminate/Container/Container.php(799): Illuminate\\Encryption\\EncryptionServiceProvider->Illuminate\\Encryption\\{closure}(Object(Illuminate\\Foundation\\Application), Array)
#4 /opt/lampp/htdocs/coballaravel/vendor/laravel/framework/src/Illuminate/Container/Container.php(681): Illuminate\\Container\\Container->build(Object(Closure))
#5 /opt/lampp/htdocs/coballaravel/vendor/laravel/framework/src/Illuminate/Container/Container.php(629): Illuminate\\Container\\Container->resolve('encrypter', Array)
#6 /opt/lampp/htdocs/coballaravel/vendor/laravel/framework/src/Illuminate/Foundation/Application.php(769): Illuminate\\Container\\Container->make('encrypter', Array)
#7 /opt/lampp/htdocs/coballaravel/vendor/laravel/framework/src/Illuminate/Container/Container.php(945): Illuminate\\Foundation\\Application->make('encrypter')
#8 /opt/lampp/htdocs/coballaravel/vendor/laravel/framework/src/Illuminate/Container/Container.php(873): Illuminate\\Container\\Container->resolveClass(Object(ReflectionParameter))
#9 /opt/lampp/htdocs/coballaravel/vendor/laravel/framework/src/Illuminate/Container/Container.php(834): Illuminate\\Container\\Container->resolveDependencies(Array)
#10 /opt/lampp/htdocs/coballaravel/vendor/laravel/framework/src/Illuminate/Container/Container.php(681): Illuminate\\Container\\Container->build('App\\\\Http\\\\Middle...')
#11 /opt/lampp/htdocs/coballaravel/vendor/laravel/framework/src/Illuminate/Container/Container.php(629): Illuminate\\Container\\Container->resolve('App\\\\Http\\\\Middle...', Array)
#12 /opt/lampp/htdocs/coballaravel/vendor/laravel/framework/src/Illuminate/Foundation/Application.php(769): Illuminate\\Container\\Container->make('App\\\\Http\\\\Middle...', Array)
#13 /opt/lampp/htdocs/coballaravel/vendor/laravel/framework/src/Illuminate/Pipeline/Pipeline.php(160): Illuminate\\Foundation\\Application->make('App\\\\Http\\\\Middle...')
#14 /opt/lampp/htdocs/coballaravel/vendor/laravel/framework/src/Illuminate/Pipeline/Pipeline.php(105): Illuminate\\Pipeline\\Pipeline->Illuminate\\Pipeline\\{closure}(Object(Illuminate\\Http\\Request))
#15 /opt/lampp/htdocs/coballaravel/vendor/laravel/framework/src/Illuminate/Routing/Router.php(683): Illuminate\\Pipeline\\Pipeline->then(Object(Closure))
#16 /opt/lampp/htdocs/coballaravel/vendor/laravel/framework/src/Illuminate/Routing/Router.php(658): Illuminate\\Routing\\Router->runRouteWithinStack(Object(Illuminate\\Routing\\Route), Object(Illuminate\\Http\\Request))
#17 /opt/lampp/htdocs/coballaravel/vendor/laravel/framework/src/Illuminate/Routing/Router.php(624): Illuminate\\Routing\\Router->runRoute(Object(Illuminate\\Http\\Request), Object(Illuminate\\Routing\\Route))
#18 /opt/lampp/htdocs/coballaravel/vendor/laravel/framework/src/Illuminate/Routing/Router.php(613): Illuminate\\Routing\\Router->dispatchToRoute(Object(Illuminate\\Http\\Request))
#19 /opt/lampp/htdocs/coballaravel/vendor/laravel/framework/src/Illuminate/Foundation/Http/Kernel.php(177): Illuminate\\Routing\\Router->dispatch(Object(Illuminate\\Http\\Request))
#20 /opt/lampp/htdocs/coballaravel/vendor/laravel/framework/src/Illuminate/Pipeline/Pipeline.php(130): Illuminate\\Foundation\\Http\\Kernel->Illuminate\\Foundation\\Http\\{closure}(Object(Illuminate\\Http\\Request))
#21 /opt/lampp/htdocs/coballaravel/vendor/laravel/framework/src/Illuminate/Foundation/Http/Middleware/TransformsRequest.php(21): Illuminate\\Pipeline\\Pipeline->Illuminate\\Pipeline\\{closure}(Object(Illuminate\\Http\\Request))
#22 /opt/lampp/htdocs/coballaravel/vendor/laravel/framework/src/Illuminate/Pipeline/Pipeline.php(171): Illuminate\\Foundation\\Http\\Middleware\\TransformsRequest->handle(Object(Illuminate\\Http\\Request), Object(Closure))
#23 /opt/lampp/htdocs/coballaravel/vendor/laravel/framework/src/Illuminate/Foundation/Http/Middleware/TransformsRequest.php(21): Illuminate\\Pipeline\\Pipeline->Illuminate\\Pipeline\\{closure}(Object(Illuminate\\Http\\Request))
#24 /opt/lampp/htdocs/coballaravel/vendor/laravel/framework/src/Illuminate/Pipeline/Pipeline.php(171): Illuminate\\Foundation\\Http\\Middleware\\TransformsRequest->handle(Object(Illuminate\\Http\\Request), Object(Closure))
#25 /opt/lampp/htdocs/coballaravel/vendor/laravel/framework/src/Illuminate/Foundation/Http/Middleware/ValidatePostSize.php(27): Illuminate\\Pipeline\\Pipeline->Illuminate\\Pipeline\\{closure}(Object(Illuminate\\Http\\Request))
#26 /opt/lampp/htdocs/coballaravel/vendor/laravel/framework/src/Illuminate/Pipeline/Pipeline.php(171): Illuminate\\Foundation\\Http\\Middleware\\ValidatePostSize->handle(Object(Illuminate\\Http\\Request), Object(Closure))
#27 /opt/lampp/htdocs/coballaravel/vendor/laravel/framework/src/Illuminate/Foundation/Http/Middleware/CheckForMaintenanceMode.php(62): Illuminate\\Pipeline\\Pipeline->Illuminate\\Pipeline\\{closure}(Object(Illuminate\\Http\\Request))
#28 /opt/lampp/htdocs/coballaravel/vendor/laravel/framework/src/Illuminate/Pipeline/Pipeline.php(171): Illuminate\\Foundation\\Http\\Middleware\\CheckForMaintenanceMode->handle(Object(Illuminate\\Http\\Request), Object(Closure))
#29 /opt/lampp/htdocs/coballaravel/vendor/fideloper/proxy/src/TrustProxies.php(57): Illuminate\\Pipeline\\Pipeline->Illuminate\\Pipeline\\{closure}(Object(Illuminate\\Http\\Request))
#30 /opt/lampp/htdocs/coballaravel/vendor/laravel/framework/src/Illuminate/Pipeline/Pipeline.php(171): Fideloper\\Proxy\\TrustProxies->handle(Object(Illuminate\\Http\\Request), Object(Closure))
#31 /opt/lampp/htdocs/coballaravel/vendor/laravel/framework/src/Illuminate/Pipeline/Pipeline.php(105): Illuminate\\Pipeline\\Pipeline->Illuminate\\Pipeline\\{closure}(Object(Illuminate\\Http\\Request))
#32 /opt/lampp/htdocs/coballaravel/vendor/laravel/framework/src/Illuminate/Foundation/Http/Kernel.php(152): Illuminate\\Pipeline\\Pipeline->then(Object(Closure))
#33 /opt/lampp/htdocs/coballaravel/vendor/laravel/framework/src/Illuminate/Foundation/Http/Kernel.php(117): Illuminate\\Foundation\\Http\\Kernel->sendRequestThroughRouter(Object(Illuminate\\Http\\Request))
#34 /opt/lampp/htdocs/coballaravel/public/index.php(55): Illuminate\\Foundation\\Http\\Kernel->handle(Object(Illuminate\\Http\\Request))
#35 /opt/lampp/htdocs/coballaravel/server.php(21): require_once('/opt/lampp/htdo...')
#36 {main}
"} 
[2019-12-08 15:33:54] local.ERROR: No application encryption key has been specified. {"exception":"[object] (RuntimeException(code: 0): No application encryption key has been specified. at /opt/lampp/htdocs/coballaravel/vendor/laravel/framework/src/Illuminate/Encryption/EncryptionServiceProvider.php:44)
[stacktrace]
#0 /opt/lampp/htdocs/coballaravel/vendor/laravel/framework/src/Illuminate/Support/helpers.php(422): Illuminate\\Encryption\\EncryptionServiceProvider->Illuminate\\Encryption\\{closure}('')
#1 /opt/lampp/htdocs/coballaravel/vendor/laravel/framework/src/Illuminate/Encryption/EncryptionServiceProvider.php(48): tap('', Object(Closure))
#2 /opt/lampp/htdocs/coballaravel/vendor/laravel/framework/src/Illuminate/Encryption/EncryptionServiceProvider.php(24): Illuminate\\Encryption\\EncryptionServiceProvider->key(Array)
#3 /opt/lampp/htdocs/coballaravel/vendor/laravel/framework/src/Illuminate/Container/Container.php(799): Illuminate\\Encryption\\EncryptionServiceProvider->Illuminate\\Encryption\\{closure}(Object(Illuminate\\Foundation\\Application), Array)
#4 /opt/lampp/htdocs/coballaravel/vendor/laravel/framework/src/Illuminate/Container/Container.php(681): Illuminate\\Container\\Container->build(Object(Closure))
#5 /opt/lampp/htdocs/coballaravel/vendor/laravel/framework/src/Illuminate/Container/Container.php(629): Illuminate\\Container\\Container->resolve('encrypter', Array)
#6 /opt/lampp/htdocs/coballaravel/vendor/laravel/framework/src/Illuminate/Foundation/Application.php(769): Illuminate\\Container\\Container->make('encrypter', Array)
#7 /opt/lampp/htdocs/coballaravel/vendor/laravel/framework/src/Illuminate/Container/Container.php(945): Illuminate\\Foundation\\Application->make('encrypter')
#8 /opt/lampp/htdocs/coballaravel/vendor/laravel/framework/src/Illuminate/Container/Container.php(873): Illuminate\\Container\\Container->resolveClass(Object(ReflectionParameter))
#9 /opt/lampp/htdocs/coballaravel/vendor/laravel/framework/src/Illuminate/Container/Container.php(834): Illuminate\\Container\\Container->resolveDependencies(Array)
#10 /opt/lampp/htdocs/coballaravel/vendor/laravel/framework/src/Illuminate/Container/Container.php(681): Illuminate\\Container\\Container->build('App\\\\Http\\\\Middle...')
#11 /opt/lampp/htdocs/coballaravel/vendor/laravel/framework/src/Illuminate/Container/Container.php(629): Illuminate\\Container\\Container->resolve('App\\\\Http\\\\Middle...', Array)
#12 /opt/lampp/htdocs/coballaravel/vendor/laravel/framework/src/Illuminate/Foundation/Application.php(769): Illuminate\\Container\\Container->make('App\\\\Http\\\\Middle...', Array)
#13 /opt/lampp/htdocs/coballaravel/vendor/laravel/framework/src/Illuminate/Foundation/Http/Kernel.php(216): Illuminate\\Foundation\\Application->make('App\\\\Http\\\\Middle...')
#14 /opt/lampp/htdocs/coballaravel/vendor/laravel/framework/src/Illuminate/Foundation/Http/Kernel.php(190): Illuminate\\Foundation\\Http\\Kernel->terminateMiddleware(Object(Illuminate\\Http\\Request), Object(Illuminate\\Http\\Response))
#15 /opt/lampp/htdocs/coballaravel/public/index.php(60): Illuminate\\Foundation\\Http\\Kernel->terminate(Object(Illuminate\\Http\\Request), Object(Illuminate\\Http\\Response))
#16 /opt/lampp/htdocs/coballaravel/server.php(21): require_once('/opt/lampp/htdo...')
#17 {main}
"} 
[2019-12-08 15:34:25] local.ERROR: No application encryption key has been specified. {"exception":"[object] (RuntimeException(code: 0): No application encryption key has been specified. at /opt/lampp/htdocs/coballaravel/vendor/laravel/framework/src/Illuminate/Encryption/EncryptionServiceProvider.php:44)
[stacktrace]
#0 /opt/lampp/htdocs/coballaravel/vendor/laravel/framework/src/Illuminate/Support/helpers.php(422): Illuminate\\Encryption\\EncryptionServiceProvider->Illuminate\\Encryption\\{closure}('')
#1 /opt/lampp/htdocs/coballaravel/vendor/laravel/framework/src/Illuminate/Encryption/EncryptionServiceProvider.php(48): tap('', Object(Closure))
#2 /opt/lampp/htdocs/coballaravel/vendor/laravel/framework/src/Illuminate/Encryption/EncryptionServiceProvider.php(24): Illuminate\\Encryption\\EncryptionServiceProvider->key(Array)
#3 /opt/lampp/htdocs/coballaravel/vendor/laravel/framework/src/Illuminate/Container/Container.php(799): Illuminate\\Encryption\\EncryptionServiceProvider->Illuminate\\Encryption\\{closure}(Object(Illuminate\\Foundation\\Application), Array)
#4 /opt/lampp/htdocs/coballaravel/vendor/laravel/framework/src/Illuminate/Container/Container.php(681): Illuminate\\Container\\Container->build(Object(Closure))
#5 /opt/lampp/htdocs/coballaravel/vendor/laravel/framework/src/Illuminate/Container/Container.php(629): Illuminate\\Container\\Container->resolve('encrypter', Array)
#6 /opt/lampp/htdocs/coballaravel/vendor/laravel/framework/src/Illuminate/Foundation/Application.php(769): Illuminate\\Container\\Container->make('encrypter', Array)
#7 /opt/lampp/htdocs/coballaravel/vendor/laravel/framework/src/Illuminate/Container/Container.php(945): Illuminate\\Foundation\\Application->make('encrypter')
#8 /opt/lampp/htdocs/coballaravel/vendor/laravel/framework/src/Illuminate/Container/Container.php(873): Illuminate\\Container\\Container->resolveClass(Object(ReflectionParameter))
#9 /opt/lampp/htdocs/coballaravel/vendor/laravel/framework/src/Illuminate/Container/Container.php(834): Illuminate\\Container\\Container->resolveDependencies(Array)
#10 /opt/lampp/htdocs/coballaravel/vendor/laravel/framework/src/Illuminate/Container/Container.php(681): Illuminate\\Container\\Container->build('App\\\\Http\\\\Middle...')
#11 /opt/lampp/htdocs/coballaravel/vendor/laravel/framework/src/Illuminate/Container/Container.php(629): Illuminate\\Container\\Container->resolve('App\\\\Http\\\\Middle...', Array)
#12 /opt/lampp/htdocs/coballaravel/vendor/laravel/framework/src/Illuminate/Foundation/Application.php(769): Illuminate\\Container\\Container->make('App\\\\Http\\\\Middle...', Array)
#13 /opt/lampp/htdocs/coballaravel/vendor/laravel/framework/src/Illuminate/Pipeline/Pipeline.php(160): Illuminate\\Foundation\\Application->make('App\\\\Http\\\\Middle...')
#14 /opt/lampp/htdocs/coballaravel/vendor/laravel/framework/src/Illuminate/Pipeline/Pipeline.php(105): Illuminate\\Pipeline\\Pipeline->Illuminate\\Pipeline\\{closure}(Object(Illuminate\\Http\\Request))
#15 /opt/lampp/htdocs/coballaravel/vendor/laravel/framework/src/Illuminate/Routing/Router.php(683): Illuminate\\Pipeline\\Pipeline->then(Object(Closure))
#16 /opt/lampp/htdocs/coballaravel/vendor/laravel/framework/src/Illuminate/Routing/Router.php(658): Illuminate\\Routing\\Router->runRouteWithinStack(Object(Illuminate\\Routing\\Route), Object(Illuminate\\Http\\Request))
#17 /opt/lampp/htdocs/coballaravel/vendor/laravel/framework/src/Illuminate/Routing/Router.php(624): Illuminate\\Routing\\Router->runRoute(Object(Illuminate\\Http\\Request), Object(Illuminate\\Routing\\Route))
#18 /opt/lampp/htdocs/coballaravel/vendor/laravel/framework/src/Illuminate/Routing/Router.php(613): Illuminate\\Routing\\Router->dispatchToRoute(Object(Illuminate\\Http\\Request))
#19 /opt/lampp/htdocs/coballaravel/vendor/laravel/framework/src/Illuminate/Foundation/Http/Kernel.php(177): Illuminate\\Routing\\Router->dispatch(Object(Illuminate\\Http\\Request))
#20 /opt/lampp/htdocs/coballaravel/vendor/laravel/framework/src/Illuminate/Pipeline/Pipeline.php(130): Illuminate\\Foundation\\Http\\Kernel->Illuminate\\Foundation\\Http\\{closure}(Object(Illuminate\\Http\\Request))
#21 /opt/lampp/htdocs/coballaravel/vendor/laravel/framework/src/Illuminate/Foundation/Http/Middleware/TransformsRequest.php(21): Illuminate\\Pipeline\\Pipeline->Illuminate\\Pipeline\\{closure}(Object(Illuminate\\Http\\Request))
#22 /opt/lampp/htdocs/coballaravel/vendor/laravel/framework/src/Illuminate/Pipeline/Pipeline.php(171): Illuminate\\Foundation\\Http\\Middleware\\TransformsRequest->handle(Object(Illuminate\\Http\\Request), Object(Closure))
#23 /opt/lampp/htdocs/coballaravel/vendor/laravel/framework/src/Illuminate/Foundation/Http/Middleware/TransformsRequest.php(21): Illuminate\\Pipeline\\Pipeline->Illuminate\\Pipeline\\{closure}(Object(Illuminate\\Http\\Request))
#24 /opt/lampp/htdocs/coballaravel/vendor/laravel/framework/src/Illuminate/Pipeline/Pipeline.php(171): Illuminate\\Foundation\\Http\\Middleware\\TransformsRequest->handle(Object(Illuminate\\Http\\Request), Object(Closure))
#25 /opt/lampp/htdocs/coballaravel/vendor/laravel/framework/src/Illuminate/Foundation/Http/Middleware/ValidatePostSize.php(27): Illuminate\\Pipeline\\Pipeline->Illuminate\\Pipeline\\{closure}(Object(Illuminate\\Http\\Request))
#26 /opt/lampp/htdocs/coballaravel/vendor/laravel/framework/src/Illuminate/Pipeline/Pipeline.php(171): Illuminate\\Foundation\\Http\\Middleware\\ValidatePostSize->handle(Object(Illuminate\\Http\\Request), Object(Closure))
#27 /opt/lampp/htdocs/coballaravel/vendor/laravel/framework/src/Illuminate/Foundation/Http/Middleware/CheckForMaintenanceMode.php(62): Illuminate\\Pipeline\\Pipeline->Illuminate\\Pipeline\\{closure}(Object(Illuminate\\Http\\Request))
#28 /opt/lampp/htdocs/coballaravel/vendor/laravel/framework/src/Illuminate/Pipeline/Pipeline.php(171): Illuminate\\Foundation\\Http\\Middleware\\CheckForMaintenanceMode->handle(Object(Illuminate\\Http\\Request), Object(Closure))
#29 /opt/lampp/htdocs/coballaravel/vendor/fideloper/proxy/src/TrustProxies.php(57): Illuminate\\Pipeline\\Pipeline->Illuminate\\Pipeline\\{closure}(Object(Illuminate\\Http\\Request))
#30 /opt/lampp/htdocs/coballaravel/vendor/laravel/framework/src/Illuminate/Pipeline/Pipeline.php(171): Fideloper\\Proxy\\TrustProxies->handle(Object(Illuminate\\Http\\Request), Object(Closure))
#31 /opt/lampp/htdocs/coballaravel/vendor/laravel/framework/src/Illuminate/Pipeline/Pipeline.php(105): Illuminate\\Pipeline\\Pipeline->Illuminate\\Pipeline\\{closure}(Object(Illuminate\\Http\\Request))
#32 /opt/lampp/htdocs/coballaravel/vendor/laravel/framework/src/Illuminate/Foundation/Http/Kernel.php(152): Illuminate\\Pipeline\\Pipeline->then(Object(Closure))
#33 /opt/lampp/htdocs/coballaravel/vendor/laravel/framework/src/Illuminate/Foundation/Http/Kernel.php(117): Illuminate\\Foundation\\Http\\Kernel->sendRequestThroughRouter(Object(Illuminate\\Http\\Request))
#34 /opt/lampp/htdocs/coballaravel/public/index.php(55): Illuminate\\Foundation\\Http\\Kernel->handle(Object(Illuminate\\Http\\Request))
#35 /opt/lampp/htdocs/coballaravel/server.php(21): require_once('/opt/lampp/htdo...')
#36 {main}
"} 
[2019-12-08 15:34:25] local.ERROR: No application encryption key has been specified. {"exception":"[object] (RuntimeException(code: 0): No application encryption key has been specified. at /opt/lampp/htdocs/coballaravel/vendor/laravel/framework/src/Illuminate/Encryption/EncryptionServiceProvider.php:44)
[stacktrace]
#0 /opt/lampp/htdocs/coballaravel/vendor/laravel/framework/src/Illuminate/Support/helpers.php(422): Illuminate\\Encryption\\EncryptionServiceProvider->Illuminate\\Encryption\\{closure}('')
#1 /opt/lampp/htdocs/coballaravel/vendor/laravel/framework/src/Illuminate/Encryption/EncryptionServiceProvider.php(48): tap('', Object(Closure))
#2 /opt/lampp/htdocs/coballaravel/vendor/laravel/framework/src/Illuminate/Encryption/EncryptionServiceProvider.php(24): Illuminate\\Encryption\\EncryptionServiceProvider->key(Array)
#3 /opt/lampp/htdocs/coballaravel/vendor/laravel/framework/src/Illuminate/Container/Container.php(799): Illuminate\\Encryption\\EncryptionServiceProvider->Illuminate\\Encryption\\{closure}(Object(Illuminate\\Foundation\\Application), Array)
#4 /opt/lampp/htdocs/coballaravel/vendor/laravel/framework/src/Illuminate/Container/Container.php(681): Illuminate\\Container\\Container->build(Object(Closure))
#5 /opt/lampp/htdocs/coballaravel/vendor/laravel/framework/src/Illuminate/Container/Container.php(629): Illuminate\\Container\\Container->resolve('encrypter', Array)
#6 /opt/lampp/htdocs/coballaravel/vendor/laravel/framework/src/Illuminate/Foundation/Application.php(769): Illuminate\\Container\\Container->make('encrypter', Array)
#7 /opt/lampp/htdocs/coballaravel/vendor/laravel/framework/src/Illuminate/Container/Container.php(945): Illuminate\\Foundation\\Application->make('encrypter')
#8 /opt/lampp/htdocs/coballaravel/vendor/laravel/framework/src/Illuminate/Container/Container.php(873): Illuminate\\Container\\Container->resolveClass(Object(ReflectionParameter))
#9 /opt/lampp/htdocs/coballaravel/vendor/laravel/framework/src/Illuminate/Container/Container.php(834): Illuminate\\Container\\Container->resolveDependencies(Array)
#10 /opt/lampp/htdocs/coballaravel/vendor/laravel/framework/src/Illuminate/Container/Container.php(681): Illuminate\\Container\\Container->build('App\\\\Http\\\\Middle...')
#11 /opt/lampp/htdocs/coballaravel/vendor/laravel/framework/src/Illuminate/Container/Container.php(629): Illuminate\\Container\\Container->resolve('App\\\\Http\\\\Middle...', Array)
#12 /opt/lampp/htdocs/coballaravel/vendor/laravel/framework/src/Illuminate/Foundation/Application.php(769): Illuminate\\Container\\Container->make('App\\\\Http\\\\Middle...', Array)
#13 /opt/lampp/htdocs/coballaravel/vendor/laravel/framework/src/Illuminate/Foundation/Http/Kernel.php(216): Illuminate\\Foundation\\Application->make('App\\\\Http\\\\Middle...')
#14 /opt/lampp/htdocs/coballaravel/vendor/laravel/framework/src/Illuminate/Foundation/Http/Kernel.php(190): Illuminate\\Foundation\\Http\\Kernel->terminateMiddleware(Object(Illuminate\\Http\\Request), Object(Illuminate\\Http\\Response))
#15 /opt/lampp/htdocs/coballaravel/public/index.php(60): Illuminate\\Foundation\\Http\\Kernel->terminate(Object(Illuminate\\Http\\Request), Object(Illuminate\\Http\\Response))
#16 /opt/lampp/htdocs/coballaravel/server.php(21): require_once('/opt/lampp/htdo...')
#17 {main}
"} 
